<?xml version="1.0" encoding="UTF-8"?>
<coverage generated="1759627354847" clover="3.2.0">
  <project timestamp="1759627354848" name="All files">
    <metrics statements="9" coveredstatements="9" conditionals="4" coveredconditionals="2" methods="2" coveredmethods="2" elements="15" coveredelements="13" complexity="0" loc="9" ncloc="9" packages="1" files="2" classes="2"/>
    <file name="order.ts" path="C:\Users\kacky\OneDrive\Documentos\UTN\Programacion 4\Programacion-IV\Practico2\src\models\order.ts">
      <metrics statements="5" coveredstatements="5" conditionals="2" coveredconditionals="1" methods="1" coveredmethods="1"/>
      <line num="1" count="1" type="stmt"/>
      <line num="2" count="1" type="stmt"/>
      <line num="4" count="1" type="stmt"/>
      <line num="6" count="1" type="stmt"/>
      <line num="11" count="2" type="cond" truecount="1" falsecount="1"/>
    </file>
    <file name="pizza.ts" path="C:\Users\kacky\OneDrive\Documentos\UTN\Programacion 4\Programacion-IV\Practico2\src\models\pizza.ts">
      <metrics statements="4" coveredstatements="4" conditionals="2" coveredconditionals="1" methods="1" coveredmethods="1"/>
      <line num="1" count="2" type="stmt"/>
      <line num="3" count="2" type="stmt"/>
      <line num="5" count="2" type="stmt"/>
      <line num="8" count="1" type="cond" truecount="1" falsecount="1"/>
    </file>
  </project>
</coverage>
