{"C:\\Users\\kacky\\OneDrive\\Documentos\\UTN\\Programacion 4\\Programacion-IV\\Practico2\\src\\app.ts": {"path":"C:\\Users\\kacky\\OneDrive\\Documentos\\UTN\\Programacion 4\\Programacion-IV\\Practico2\\src\\app.ts","statementMap":{"0":{"start":{"line":15,"column":0},"end":{"line":15,"column":16}},"1":{"start":{"line":8,"column":0},"end":{"line":8,"column":29}},"2":{"start":{"line":16,"column":2},"end":{"line":18,"column":4}},"3":{"start":{"line":17,"column":4},"end":{"line":17,"column":70}},"4":{"start":{"line":21,"column":12},"end":{"line":21,"column":21}},"5":{"start":{"line":22,"column":0},"end":{"line":22,"column":null}},"6":{"start":{"line":25,"column":0},"end":{"line":25,"column":null}},"7":{"start":{"line":26,"column":0},"end":{"line":26,"column":null}},"8":{"start":{"line":28,"column":0},"end":{"line":31,"column":null}},"9":{"start":{"line":29,"column":4},"end":{"line":29,"column":null}},"10":{"start":{"line":30,"column":4},"end":{"line":30,"column":null}},"11":{"start":{"line":33,"column":0},"end":{"line":36,"column":null}},"12":{"start":{"line":34,"column":4},"end":{"line":34,"column":null}},"13":{"start":{"line":35,"column":4},"end":{"line":35,"column":null}},"14":{"start":{"line":38,"column":0},"end":{"line":38,"column":null}}},"fnMap":{"0":{"name":"placeholder","decl":{"start":{"line":15,"column":16},"end":{"line":15,"column":27}},"loc":{"start":{"line":15,"column":27},"end":{"line":19,"column":1}}},"1":{"name":"(anonymous_2)","decl":{"start":{"line":16,"column":9},"end":{"line":16,"column":10}},"loc":{"start":{"line":16,"column":42},"end":{"line":18,"column":3}}},"2":{"name":"(anonymous_3)","decl":{"start":{"line":28,"column":8},"end":{"line":28,"column":9}},"loc":{"start":{"line":28,"column":20},"end":{"line":31,"column":1}}},"3":{"name":"(anonymous_4)","decl":{"start":{"line":33,"column":8},"end":{"line":33,"column":9}},"loc":{"start":{"line":33,"column":20},"end":{"line":36,"column":1}}}},"branchMap":{},"s":{"0":1,"1":1,"2":2,"3":10,"4":1,"5":1,"6":1,"7":1,"8":1,"9":0,"10":0,"11":1,"12":0,"13":0,"14":1},"f":{"0":2,"1":10,"2":0,"3":0},"b":{}}
,"C:\\Users\\kacky\\OneDrive\\Documentos\\UTN\\Programacion 4\\Programacion-IV\\Practico2\\src\\models\\order.model.ts": {"path":"C:\\Users\\kacky\\OneDrive\\Documentos\\UTN\\Programacion 4\\Programacion-IV\\Practico2\\src\\models\\order.model.ts","statementMap":{"0":{"start":{"line":3,"column":0},"end":{"line":3,"column":37}},"1":{"start":{"line":4,"column":0},"end":{"line":4,"column":30}},"2":{"start":{"line":8,"column":23},"end":{"line":8,"column":36}},"3":{"start":{"line":8,"column":48},"end":{"line":8,"column":71}},"4":{"start":{"line":9,"column":8},"end":{"line":9,"column":null}},"5":{"start":{"line":10,"column":8},"end":{"line":10,"column":null}},"6":{"start":{"line":14,"column":8},"end":{"line":25,"column":9}},"7":{"start":{"line":15,"column":29},"end":{"line":15,"column":98}},"8":{"start":{"line":16,"column":12},"end":{"line":16,"column":null}},"9":{"start":{"line":17,"column":12},"end":{"line":17,"column":50}},"10":{"start":{"line":18,"column":12},"end":{"line":18,"column":null}},"11":{"start":{"line":20,"column":12},"end":{"line":24,"column":13}},"12":{"start":{"line":21,"column":16},"end":{"line":21,"column":98}},"13":{"start":{"line":23,"column":16},"end":{"line":23,"column":70}},"14":{"start":{"line":29,"column":8},"end":{"line":44,"column":9}},"15":{"start":{"line":30,"column":12},"end":{"line":36,"column":13}},"16":{"start":{"line":30,"column":24},"end":{"line":30,"column":25}},"17":{"start":{"line":31,"column":16},"end":{"line":35,"column":17}},"18":{"start":{"line":32,"column":20},"end":{"line":32,"column":45}},"19":{"start":{"line":33,"column":20},"end":{"line":33,"column":null}},"20":{"start":{"line":34,"column":20},"end":{"line":34,"column":43}},"21":{"start":{"line":37,"column":12},"end":{"line":37,"column":null}},"22":{"start":{"line":39,"column":12},"end":{"line":43,"column":13}},"23":{"start":{"line":40,"column":16},"end":{"line":40,"column":101}},"24":{"start":{"line":42,"column":16},"end":{"line":42,"column":73}},"25":{"start":{"line":48,"column":8},"end":{"line":57,"column":9}},"26":{"start":{"line":49,"column":12},"end":{"line":49,"column":31}},"27":{"start":{"line":51,"column":12},"end":{"line":56,"column":13}},"28":{"start":{"line":52,"column":16},"end":{"line":52,"column":103}},"29":{"start":{"line":54,"column":16},"end":{"line":54,"column":75}},"30":{"start":{"line":61,"column":8},"end":{"line":74,"column":9}},"31":{"start":{"line":62,"column":12},"end":{"line":66,"column":13}},"32":{"start":{"line":62,"column":24},"end":{"line":62,"column":25}},"33":{"start":{"line":63,"column":16},"end":{"line":65,"column":17}},"34":{"start":{"line":64,"column":20},"end":{"line":64,"column":42}},"35":{"start":{"line":68,"column":12},"end":{"line":73,"column":13}},"36":{"start":{"line":69,"column":16},"end":{"line":69,"column":100}},"37":{"start":{"line":71,"column":16},"end":{"line":71,"column":72}},"38":{"start":{"line":78,"column":8},"end":{"line":111,"column":9}},"39":{"start":{"line":82,"column":12},"end":{"line":89,"column":13}},"40":{"start":{"line":82,"column":24},"end":{"line":82,"column":25}},"41":{"start":{"line":83,"column":16},"end":{"line":88,"column":17}},"42":{"start":{"line":84,"column":20},"end":{"line":84,"column":50}},"43":{"start":{"line":85,"column":20},"end":{"line":85,"column":42}},"44":{"start":{"line":86,"column":20},"end":{"line":86,"column":57}},"45":{"start":{"line":87,"column":20},"end":{"line":87,"column":43}},"46":{"start":{"line":90,"column":12},"end":{"line":99,"column":13}},"47":{"start":{"line":91,"column":16},"end":{"line":91,"column":null}},"48":{"start":{"line":94,"column":16},"end":{"line":98,"column":17}},"49":{"start":{"line":95,"column":20},"end":{"line":95,"column":null}},"50":{"start":{"line":96,"column":20},"end":{"line":96,"column":null}},"51":{"start":{"line":97,"column":20},"end":{"line":97,"column":null}},"52":{"start":{"line":101,"column":12},"end":{"line":110,"column":13}},"53":{"start":{"line":102,"column":16},"end":{"line":102,"column":113}},"54":{"start":{"line":104,"column":17},"end":{"line":110,"column":13}},"55":{"start":{"line":105,"column":16},"end":{"line":105,"column":null}},"56":{"start":{"line":108,"column":16},"end":{"line":108,"column":85}},"57":{"start":{"line":116,"column":0},"end":{"line":116,"column":null}}},"fnMap":{"0":{"name":"(anonymous_0)","decl":{"start":{"line":8,"column":4},"end":{"line":8,"column":23}},"loc":{"start":{"line":8,"column":73},"end":{"line":11,"column":5}}},"1":{"name":"(anonymous_1)","decl":{"start":{"line":13,"column":4},"end":{"line":13,"column":15}},"loc":{"start":{"line":13,"column":88},"end":{"line":26,"column":5}}},"2":{"name":"(anonymous_2)","decl":{"start":{"line":28,"column":4},"end":{"line":28,"column":15}},"loc":{"start":{"line":28,"column":27},"end":{"line":45,"column":5}}},"3":{"name":"(anonymous_3)","decl":{"start":{"line":47,"column":4},"end":{"line":47,"column":16}},"loc":{"start":{"line":47,"column":16},"end":{"line":58,"column":5}}},"4":{"name":"(anonymous_4)","decl":{"start":{"line":60,"column":4},"end":{"line":60,"column":16}},"loc":{"start":{"line":60,"column":28},"end":{"line":75,"column":5}}},"5":{"name":"(anonymous_5)","decl":{"start":{"line":77,"column":4},"end":{"line":77,"column":16}},"loc":{"start":{"line":77,"column":47},"end":{"line":112,"column":5}}}},"branchMap":{"0":{"loc":{"start":{"line":8,"column":23},"end":{"line":8,"column":39}},"type":"default-arg","locations":[{"start":{"line":8,"column":36},"end":{"line":8,"column":39}}]},"1":{"loc":{"start":{"line":8,"column":48},"end":{"line":8,"column":73}},"type":"default-arg","locations":[{"start":{"line":8,"column":71},"end":{"line":8,"column":73}}]},"2":{"loc":{"start":{"line":20,"column":12},"end":{"line":24,"column":13}},"type":"if","locations":[{"start":{"line":20,"column":12},"end":{"line":24,"column":13}},{"start":{"line":22,"column":19},"end":{"line":24,"column":13}}]},"3":{"loc":{"start":{"line":31,"column":16},"end":{"line":35,"column":17}},"type":"if","locations":[{"start":{"line":31,"column":16},"end":{"line":35,"column":17}},{"start":{},"end":{}}]},"4":{"loc":{"start":{"line":39,"column":12},"end":{"line":43,"column":13}},"type":"if","locations":[{"start":{"line":39,"column":12},"end":{"line":43,"column":13}},{"start":{"line":41,"column":19},"end":{"line":43,"column":13}}]},"5":{"loc":{"start":{"line":51,"column":12},"end":{"line":56,"column":13}},"type":"if","locations":[{"start":{"line":51,"column":12},"end":{"line":56,"column":13}},{"start":{"line":53,"column":19},"end":{"line":56,"column":13}}]},"6":{"loc":{"start":{"line":63,"column":16},"end":{"line":65,"column":17}},"type":"if","locations":[{"start":{"line":63,"column":16},"end":{"line":65,"column":17}},{"start":{},"end":{}}]},"7":{"loc":{"start":{"line":68,"column":12},"end":{"line":73,"column":13}},"type":"if","locations":[{"start":{"line":68,"column":12},"end":{"line":73,"column":13}},{"start":{"line":70,"column":19},"end":{"line":73,"column":13}}]},"8":{"loc":{"start":{"line":83,"column":16},"end":{"line":88,"column":17}},"type":"if","locations":[{"start":{"line":83,"column":16},"end":{"line":88,"column":17}},{"start":{},"end":{}}]},"9":{"loc":{"start":{"line":90,"column":12},"end":{"line":99,"column":13}},"type":"if","locations":[{"start":{"line":90,"column":12},"end":{"line":99,"column":13}},{"start":{"line":93,"column":16},"end":{"line":99,"column":13}}]},"10":{"loc":{"start":{"line":94,"column":16},"end":{"line":98,"column":17}},"type":"if","locations":[{"start":{"line":94,"column":16},"end":{"line":98,"column":17}},{"start":{},"end":{}}]},"11":{"loc":{"start":{"line":94,"column":20},"end":{"line":94,"column":67}},"type":"binary-expr","locations":[{"start":{"line":94,"column":20},"end":{"line":94,"column":32}},{"start":{"line":94,"column":36},"end":{"line":94,"column":67}}]},"12":{"loc":{"start":{"line":101,"column":12},"end":{"line":110,"column":13}},"type":"if","locations":[{"start":{"line":101,"column":12},"end":{"line":110,"column":13}},{"start":{"line":104,"column":17},"end":{"line":110,"column":13}}]},"13":{"loc":{"start":{"line":104,"column":17},"end":{"line":110,"column":13}},"type":"if","locations":[{"start":{"line":104,"column":17},"end":{"line":110,"column":13}},{"start":{"line":107,"column":17},"end":{"line":110,"column":13}}]}},"s":{"0":1,"1":1,"2":1,"3":1,"4":1,"5":1,"6":3,"7":3,"8":3,"9":3,"10":3,"11":0,"12":0,"13":0,"14":1,"15":1,"16":1,"17":1,"18":1,"19":1,"20":0,"21":0,"22":0,"23":0,"24":0,"25":1,"26":1,"27":0,"28":0,"29":0,"30":2,"31":2,"32":2,"33":3,"34":2,"35":0,"36":0,"37":0,"38":2,"39":2,"40":2,"41":4,"42":2,"43":2,"44":2,"45":2,"46":2,"47":1,"48":1,"49":1,"50":1,"51":1,"52":1,"53":0,"54":1,"55":1,"56":0,"57":1},"f":{"0":1,"1":3,"2":1,"3":1,"4":2,"5":2},"b":{"0":[1],"1":[1],"2":[0,0],"3":[1,0],"4":[0,0],"5":[0,0],"6":[2,1],"7":[0,0],"8":[2,2],"9":[1,1],"10":[1,0],"11":[1,1],"12":[0,1],"13":[1,0]}}
,"C:\\Users\\kacky\\OneDrive\\Documentos\\UTN\\Programacion 4\\Programacion-IV\\Practico2\\src\\models\\order.ts": {"path":"C:\\Users\\kacky\\OneDrive\\Documentos\\UTN\\Programacion 4\\Programacion-IV\\Practico2\\src\\models\\order.ts","statementMap":{"0":{"start":{"line":1,"column":0},"end":{"line":1,"column":23}},"1":{"start":{"line":2,"column":0},"end":{"line":2,"column":37}},"2":{"start":{"line":4,"column":13},"end":{"line":4,"column":null}},"3":{"start":{"line":6,"column":13},"end":{"line":17,"column":null}},"4":{"start":{"line":12,"column":12},"end":{"line":14,"column":92}}},"fnMap":{"0":{"name":"(anonymous_0)","decl":{"start":{"line":11,"column":15},"end":{"line":11,"column":16}},"loc":{"start":{"line":12,"column":12},"end":{"line":14,"column":92}}}},"branchMap":{"0":{"loc":{"start":{"line":12,"column":12},"end":{"line":14,"column":92}},"type":"cond-expr","locations":[{"start":{"line":13,"column":18},"end":{"line":13,"column":55}},{"start":{"line":14,"column":18},"end":{"line":14,"column":92}}]}},"s":{"0":2,"1":2,"2":2,"3":2,"4":2},"f":{"0":2},"b":{"0":[0,2]}}
,"C:\\Users\\kacky\\OneDrive\\Documentos\\UTN\\Programacion 4\\Programacion-IV\\Practico2\\src\\models\\pizza.model.ts": {"path":"C:\\Users\\kacky\\OneDrive\\Documentos\\UTN\\Programacion 4\\Programacion-IV\\Practico2\\src\\models\\pizza.model.ts","statementMap":{"0":{"start":{"line":2,"column":0},"end":{"line":2,"column":37}},"1":{"start":{"line":6,"column":23},"end":{"line":6,"column":46}},"2":{"start":{"line":7,"column":8},"end":{"line":7,"column":null}},"3":{"start":{"line":11,"column":25},"end":{"line":11,"column":60}},"4":{"start":{"line":12,"column":8},"end":{"line":12,"column":null}},"5":{"start":{"line":13,"column":8},"end":{"line":13,"column":null}},"6":{"start":{"line":18,"column":0},"end":{"line":18,"column":null}}},"fnMap":{"0":{"name":"(anonymous_0)","decl":{"start":{"line":6,"column":4},"end":{"line":6,"column":23}},"loc":{"start":{"line":6,"column":48},"end":{"line":8,"column":5}}},"1":{"name":"(anonymous_1)","decl":{"start":{"line":10,"column":4},"end":{"line":10,"column":15}},"loc":{"start":{"line":10,"column":48},"end":{"line":14,"column":5}}}},"branchMap":{"0":{"loc":{"start":{"line":6,"column":23},"end":{"line":6,"column":48}},"type":"default-arg","locations":[{"start":{"line":6,"column":46},"end":{"line":6,"column":48}}]}},"s":{"0":1,"1":1,"2":1,"3":1,"4":1,"5":1,"6":1},"f":{"0":1,"1":1},"b":{"0":[1]}}
,"C:\\Users\\kacky\\OneDrive\\Documentos\\UTN\\Programacion 4\\Programacion-IV\\Practico2\\src\\models\\pizza.ts": {"path":"C:\\Users\\kacky\\OneDrive\\Documentos\\UTN\\Programacion 4\\Programacion-IV\\Practico2\\src\\models\\pizza.ts","statementMap":{"0":{"start":{"line":1,"column":0},"end":{"line":1,"column":23}},"1":{"start":{"line":3,"column":17},"end":{"line":3,"column":32}},"2":{"start":{"line":5,"column":13},"end":{"line":13,"column":null}},"3":{"start":{"line":8,"column":12},"end":{"line":10,"column":60}}},"fnMap":{"0":{"name":"(anonymous_0)","decl":{"start":{"line":7,"column":15},"end":{"line":7,"column":16}},"loc":{"start":{"line":8,"column":12},"end":{"line":10,"column":60}}}},"branchMap":{"0":{"loc":{"start":{"line":8,"column":12},"end":{"line":10,"column":60}},"type":"cond-expr","locations":[{"start":{"line":9,"column":18},"end":{"line":9,"column":57}},{"start":{"line":10,"column":18},"end":{"line":10,"column":60}}]}},"s":{"0":4,"1":4,"2":4,"3":1},"f":{"0":1},"b":{"0":[0,1]}}
}
