{"C:\\Users\\kacky\\OneDrive\\Documentos\\UTN\\Programacion 4\\Programacion-IV\\Practico2\\src\\models\\order.model.ts": {"path":"C:\\Users\\kacky\\OneDrive\\Documentos\\UTN\\Programacion 4\\Programacion-IV\\Practico2\\src\\models\\order.model.ts","statementMap":{"0":{"start":{"line":3,"column":0},"end":{"line":3,"column":37}},"1":{"start":{"line":4,"column":0},"end":{"line":4,"column":30}},"2":{"start":{"line":8,"column":23},"end":{"line":8,"column":36}},"3":{"start":{"line":8,"column":48},"end":{"line":8,"column":71}},"4":{"start":{"line":9,"column":8},"end":{"line":9,"column":null}},"5":{"start":{"line":10,"column":8},"end":{"line":10,"column":null}},"6":{"start":{"line":14,"column":8},"end":{"line":25,"column":9}},"7":{"start":{"line":15,"column":29},"end":{"line":15,"column":98}},"8":{"start":{"line":16,"column":12},"end":{"line":16,"column":null}},"9":{"start":{"line":17,"column":12},"end":{"line":17,"column":50}},"10":{"start":{"line":18,"column":12},"end":{"line":18,"column":null}},"11":{"start":{"line":20,"column":12},"end":{"line":24,"column":13}},"12":{"start":{"line":21,"column":16},"end":{"line":21,"column":98}},"13":{"start":{"line":23,"column":16},"end":{"line":23,"column":70}},"14":{"start":{"line":29,"column":8},"end":{"line":42,"column":9}},"15":{"start":{"line":30,"column":12},"end":{"line":35,"column":13}},"16":{"start":{"line":30,"column":24},"end":{"line":30,"column":25}},"17":{"start":{"line":31,"column":16},"end":{"line":34,"column":17}},"18":{"start":{"line":32,"column":20},"end":{"line":32,"column":45}},"19":{"start":{"line":33,"column":20},"end":{"line":33,"column":43}},"20":{"start":{"line":37,"column":12},"end":{"line":41,"column":13}},"21":{"start":{"line":38,"column":16},"end":{"line":38,"column":101}},"22":{"start":{"line":40,"column":16},"end":{"line":40,"column":73}},"23":{"start":{"line":46,"column":8},"end":{"line":55,"column":9}},"24":{"start":{"line":47,"column":12},"end":{"line":47,"column":31}},"25":{"start":{"line":49,"column":12},"end":{"line":54,"column":13}},"26":{"start":{"line":50,"column":16},"end":{"line":50,"column":103}},"27":{"start":{"line":52,"column":16},"end":{"line":52,"column":75}},"28":{"start":{"line":59,"column":8},"end":{"line":72,"column":9}},"29":{"start":{"line":60,"column":12},"end":{"line":64,"column":13}},"30":{"start":{"line":60,"column":24},"end":{"line":60,"column":25}},"31":{"start":{"line":61,"column":16},"end":{"line":63,"column":17}},"32":{"start":{"line":62,"column":20},"end":{"line":62,"column":42}},"33":{"start":{"line":66,"column":12},"end":{"line":71,"column":13}},"34":{"start":{"line":67,"column":16},"end":{"line":67,"column":100}},"35":{"start":{"line":69,"column":16},"end":{"line":69,"column":72}},"36":{"start":{"line":76,"column":8},"end":{"line":108,"column":9}},"37":{"start":{"line":80,"column":12},"end":{"line":87,"column":13}},"38":{"start":{"line":80,"column":24},"end":{"line":80,"column":25}},"39":{"start":{"line":81,"column":16},"end":{"line":86,"column":17}},"40":{"start":{"line":82,"column":20},"end":{"line":82,"column":50}},"41":{"start":{"line":83,"column":20},"end":{"line":83,"column":42}},"42":{"start":{"line":84,"column":20},"end":{"line":84,"column":57}},"43":{"start":{"line":85,"column":20},"end":{"line":85,"column":43}},"44":{"start":{"line":88,"column":12},"end":{"line":96,"column":13}},"45":{"start":{"line":89,"column":16},"end":{"line":89,"column":null}},"46":{"start":{"line":92,"column":16},"end":{"line":95,"column":17}},"47":{"start":{"line":93,"column":20},"end":{"line":93,"column":null}},"48":{"start":{"line":94,"column":20},"end":{"line":94,"column":null}},"49":{"start":{"line":98,"column":12},"end":{"line":107,"column":13}},"50":{"start":{"line":99,"column":16},"end":{"line":99,"column":113}},"51":{"start":{"line":101,"column":17},"end":{"line":107,"column":13}},"52":{"start":{"line":102,"column":16},"end":{"line":102,"column":null}},"53":{"start":{"line":105,"column":16},"end":{"line":105,"column":85}},"54":{"start":{"line":113,"column":0},"end":{"line":113,"column":null}}},"fnMap":{"0":{"name":"(anonymous_0)","decl":{"start":{"line":8,"column":4},"end":{"line":8,"column":23}},"loc":{"start":{"line":8,"column":73},"end":{"line":11,"column":5}}},"1":{"name":"(anonymous_1)","decl":{"start":{"line":13,"column":4},"end":{"line":13,"column":15}},"loc":{"start":{"line":13,"column":88},"end":{"line":26,"column":5}}},"2":{"name":"(anonymous_2)","decl":{"start":{"line":28,"column":4},"end":{"line":28,"column":15}},"loc":{"start":{"line":28,"column":27},"end":{"line":43,"column":5}}},"3":{"name":"(anonymous_3)","decl":{"start":{"line":45,"column":4},"end":{"line":45,"column":16}},"loc":{"start":{"line":45,"column":16},"end":{"line":56,"column":5}}},"4":{"name":"(anonymous_4)","decl":{"start":{"line":58,"column":4},"end":{"line":58,"column":16}},"loc":{"start":{"line":58,"column":28},"end":{"line":73,"column":5}}},"5":{"name":"(anonymous_5)","decl":{"start":{"line":75,"column":4},"end":{"line":75,"column":16}},"loc":{"start":{"line":75,"column":47},"end":{"line":109,"column":5}}}},"branchMap":{"0":{"loc":{"start":{"line":8,"column":23},"end":{"line":8,"column":39}},"type":"default-arg","locations":[{"start":{"line":8,"column":36},"end":{"line":8,"column":39}}]},"1":{"loc":{"start":{"line":8,"column":48},"end":{"line":8,"column":73}},"type":"default-arg","locations":[{"start":{"line":8,"column":71},"end":{"line":8,"column":73}}]},"2":{"loc":{"start":{"line":20,"column":12},"end":{"line":24,"column":13}},"type":"if","locations":[{"start":{"line":20,"column":12},"end":{"line":24,"column":13}},{"start":{"line":22,"column":19},"end":{"line":24,"column":13}}]},"3":{"loc":{"start":{"line":31,"column":16},"end":{"line":34,"column":17}},"type":"if","locations":[{"start":{"line":31,"column":16},"end":{"line":34,"column":17}},{"start":{},"end":{}}]},"4":{"loc":{"start":{"line":37,"column":12},"end":{"line":41,"column":13}},"type":"if","locations":[{"start":{"line":37,"column":12},"end":{"line":41,"column":13}},{"start":{"line":39,"column":19},"end":{"line":41,"column":13}}]},"5":{"loc":{"start":{"line":49,"column":12},"end":{"line":54,"column":13}},"type":"if","locations":[{"start":{"line":49,"column":12},"end":{"line":54,"column":13}},{"start":{"line":51,"column":19},"end":{"line":54,"column":13}}]},"6":{"loc":{"start":{"line":61,"column":16},"end":{"line":63,"column":17}},"type":"if","locations":[{"start":{"line":61,"column":16},"end":{"line":63,"column":17}},{"start":{},"end":{}}]},"7":{"loc":{"start":{"line":66,"column":12},"end":{"line":71,"column":13}},"type":"if","locations":[{"start":{"line":66,"column":12},"end":{"line":71,"column":13}},{"start":{"line":68,"column":19},"end":{"line":71,"column":13}}]},"8":{"loc":{"start":{"line":81,"column":16},"end":{"line":86,"column":17}},"type":"if","locations":[{"start":{"line":81,"column":16},"end":{"line":86,"column":17}},{"start":{},"end":{}}]},"9":{"loc":{"start":{"line":88,"column":12},"end":{"line":96,"column":13}},"type":"if","locations":[{"start":{"line":88,"column":12},"end":{"line":96,"column":13}},{"start":{"line":91,"column":16},"end":{"line":96,"column":13}}]},"10":{"loc":{"start":{"line":92,"column":16},"end":{"line":95,"column":17}},"type":"if","locations":[{"start":{"line":92,"column":16},"end":{"line":95,"column":17}},{"start":{},"end":{}}]},"11":{"loc":{"start":{"line":92,"column":20},"end":{"line":92,"column":67}},"type":"binary-expr","locations":[{"start":{"line":92,"column":20},"end":{"line":92,"column":32}},{"start":{"line":92,"column":36},"end":{"line":92,"column":67}}]},"12":{"loc":{"start":{"line":98,"column":12},"end":{"line":107,"column":13}},"type":"if","locations":[{"start":{"line":98,"column":12},"end":{"line":107,"column":13}},{"start":{"line":101,"column":17},"end":{"line":107,"column":13}}]},"13":{"loc":{"start":{"line":101,"column":17},"end":{"line":107,"column":13}},"type":"if","locations":[{"start":{"line":101,"column":17},"end":{"line":107,"column":13}},{"start":{"line":104,"column":17},"end":{"line":107,"column":13}}]}},"s":{"0":1,"1":1,"2":1,"3":1,"4":1,"5":1,"6":3,"7":3,"8":3,"9":3,"10":3,"11":0,"12":0,"13":0,"14":1,"15":1,"16":1,"17":1,"18":1,"19":1,"20":0,"21":0,"22":0,"23":1,"24":1,"25":0,"26":0,"27":0,"28":2,"29":2,"30":2,"31":3,"32":2,"33":0,"34":0,"35":0,"36":2,"37":2,"38":2,"39":4,"40":2,"41":2,"42":2,"43":2,"44":2,"45":1,"46":1,"47":1,"48":1,"49":1,"50":0,"51":1,"52":1,"53":0,"54":1},"f":{"0":1,"1":3,"2":1,"3":1,"4":2,"5":2},"b":{"0":[1],"1":[1],"2":[0,0],"3":[1,0],"4":[0,0],"5":[0,0],"6":[2,1],"7":[0,0],"8":[2,2],"9":[1,1],"10":[1,0],"11":[1,1],"12":[0,1],"13":[1,0]}}
,"C:\\Users\\kacky\\OneDrive\\Documentos\\UTN\\Programacion 4\\Programacion-IV\\Practico2\\src\\models\\order.ts": {"path":"C:\\Users\\kacky\\OneDrive\\Documentos\\UTN\\Programacion 4\\Programacion-IV\\Practico2\\src\\models\\order.ts","statementMap":{"0":{"start":{"line":1,"column":0},"end":{"line":1,"column":23}},"1":{"start":{"line":2,"column":0},"end":{"line":2,"column":37}},"2":{"start":{"line":4,"column":13},"end":{"line":4,"column":null}},"3":{"start":{"line":6,"column":13},"end":{"line":17,"column":null}},"4":{"start":{"line":12,"column":12},"end":{"line":14,"column":92}}},"fnMap":{"0":{"name":"(anonymous_0)","decl":{"start":{"line":11,"column":15},"end":{"line":11,"column":16}},"loc":{"start":{"line":12,"column":12},"end":{"line":14,"column":92}}}},"branchMap":{"0":{"loc":{"start":{"line":12,"column":12},"end":{"line":14,"column":92}},"type":"cond-expr","locations":[{"start":{"line":13,"column":18},"end":{"line":13,"column":55}},{"start":{"line":14,"column":18},"end":{"line":14,"column":92}}]}},"s":{"0":2,"1":2,"2":2,"3":2,"4":2},"f":{"0":2},"b":{"0":[0,2]}}
,"C:\\Users\\kacky\\OneDrive\\Documentos\\UTN\\Programacion 4\\Programacion-IV\\Practico2\\src\\models\\pizza.model.ts": {"path":"C:\\Users\\kacky\\OneDrive\\Documentos\\UTN\\Programacion 4\\Programacion-IV\\Practico2\\src\\models\\pizza.model.ts","statementMap":{"0":{"start":{"line":2,"column":0},"end":{"line":2,"column":37}},"1":{"start":{"line":6,"column":23},"end":{"line":6,"column":46}},"2":{"start":{"line":7,"column":8},"end":{"line":7,"column":null}},"3":{"start":{"line":11,"column":25},"end":{"line":11,"column":60}},"4":{"start":{"line":12,"column":8},"end":{"line":12,"column":null}},"5":{"start":{"line":13,"column":8},"end":{"line":13,"column":null}},"6":{"start":{"line":18,"column":0},"end":{"line":18,"column":null}}},"fnMap":{"0":{"name":"(anonymous_0)","decl":{"start":{"line":6,"column":4},"end":{"line":6,"column":23}},"loc":{"start":{"line":6,"column":48},"end":{"line":8,"column":5}}},"1":{"name":"(anonymous_1)","decl":{"start":{"line":10,"column":4},"end":{"line":10,"column":15}},"loc":{"start":{"line":10,"column":48},"end":{"line":14,"column":5}}}},"branchMap":{"0":{"loc":{"start":{"line":6,"column":23},"end":{"line":6,"column":48}},"type":"default-arg","locations":[{"start":{"line":6,"column":46},"end":{"line":6,"column":48}}]}},"s":{"0":1,"1":1,"2":1,"3":1,"4":1,"5":1,"6":1},"f":{"0":1,"1":1},"b":{"0":[1]}}
,"C:\\Users\\kacky\\OneDrive\\Documentos\\UTN\\Programacion 4\\Programacion-IV\\Practico2\\src\\models\\pizza.ts": {"path":"C:\\Users\\kacky\\OneDrive\\Documentos\\UTN\\Programacion 4\\Programacion-IV\\Practico2\\src\\models\\pizza.ts","statementMap":{"0":{"start":{"line":1,"column":0},"end":{"line":1,"column":23}},"1":{"start":{"line":3,"column":17},"end":{"line":3,"column":32}},"2":{"start":{"line":5,"column":13},"end":{"line":13,"column":null}},"3":{"start":{"line":8,"column":12},"end":{"line":10,"column":60}}},"fnMap":{"0":{"name":"(anonymous_0)","decl":{"start":{"line":7,"column":15},"end":{"line":7,"column":16}},"loc":{"start":{"line":8,"column":12},"end":{"line":10,"column":60}}}},"branchMap":{"0":{"loc":{"start":{"line":8,"column":12},"end":{"line":10,"column":60}},"type":"cond-expr","locations":[{"start":{"line":9,"column":18},"end":{"line":9,"column":57}},{"start":{"line":10,"column":18},"end":{"line":10,"column":60}}]}},"s":{"0":4,"1":4,"2":4,"3":1},"f":{"0":1},"b":{"0":[0,1]}}
}
