{"C:\\Users\\kacky\\OneDrive\\Documentos\\UTN\\Programacion 4\\Programacion-IV\\Practico2\\src\\models\\order.ts": {"path":"C:\\Users\\kacky\\OneDrive\\Documentos\\UTN\\Programacion 4\\Programacion-IV\\Practico2\\src\\models\\order.ts","statementMap":{"0":{"start":{"line":1,"column":0},"end":{"line":1,"column":23}},"1":{"start":{"line":2,"column":0},"end":{"line":2,"column":37}},"2":{"start":{"line":4,"column":19},"end":{"line":4,"column":69}},"3":{"start":{"line":6,"column":13},"end":{"line":16,"column":null}},"4":{"start":{"line":11,"column":12},"end":{"line":13,"column":92}}},"fnMap":{"0":{"name":"(anonymous_0)","decl":{"start":{"line":10,"column":15},"end":{"line":10,"column":16}},"loc":{"start":{"line":11,"column":12},"end":{"line":13,"column":92}}}},"branchMap":{"0":{"loc":{"start":{"line":11,"column":12},"end":{"line":13,"column":92}},"type":"cond-expr","locations":[{"start":{"line":12,"column":18},"end":{"line":12,"column":55}},{"start":{"line":13,"column":18},"end":{"line":13,"column":92}}]}},"s":{"0":1,"1":1,"2":1,"3":1,"4":2},"f":{"0":2},"b":{"0":[0,2]}}
,"C:\\Users\\kacky\\OneDrive\\Documentos\\UTN\\Programacion 4\\Programacion-IV\\Practico2\\src\\models\\pizza.ts": {"path":"C:\\Users\\kacky\\OneDrive\\Documentos\\UTN\\Programacion 4\\Programacion-IV\\Practico2\\src\\models\\pizza.ts","statementMap":{"0":{"start":{"line":1,"column":0},"end":{"line":1,"column":23}},"1":{"start":{"line":3,"column":17},"end":{"line":3,"column":32}},"2":{"start":{"line":5,"column":13},"end":{"line":13,"column":null}},"3":{"start":{"line":8,"column":12},"end":{"line":10,"column":60}}},"fnMap":{"0":{"name":"(anonymous_0)","decl":{"start":{"line":7,"column":15},"end":{"line":7,"column":16}},"loc":{"start":{"line":8,"column":12},"end":{"line":10,"column":60}}}},"branchMap":{"0":{"loc":{"start":{"line":8,"column":12},"end":{"line":10,"column":60}},"type":"cond-expr","locations":[{"start":{"line":9,"column":18},"end":{"line":9,"column":57}},{"start":{"line":10,"column":18},"end":{"line":10,"column":60}}]}},"s":{"0":2,"1":2,"2":2,"3":1},"f":{"0":1},"b":{"0":[0,1]}}
}
