TN:
SF:src\app.ts
FNF:0
FNH:0
DA:8,2
DA:9,2
DA:10,2
DA:12,2
DA:13,2
DA:16,2
DA:17,2
DA:31,2
LF:8
LH:8
BRF:0
BRH:0
end_of_record
TN:
SF:src\models\order.model.ts
FN:8,(anonymous_0)
FN:13,(anonymous_1)
FN:38,(anonymous_2)
FN:56,(anonymous_3)
FN:69,(anonymous_4)
FN:86,(anonymous_5)
FNF:6
FNH:6
FNDA:3,(anonymous_0)
FNDA:8,(anonymous_1)
FNDA:2,(anonymous_2)
FNDA:1,(anonymous_3)
FNDA:10,(anonymous_4)
FNDA:5,(anonymous_5)
DA:3,3
DA:4,3
DA:8,3
DA:9,3
DA:10,3
DA:14,8
DA:15,8
DA:16,8
DA:17,16
DA:18,8
DA:19,8
DA:20,0
DA:22,8
DA:23,16
DA:25,8
DA:26,8
DA:27,8
DA:28,8
DA:30,0
DA:31,0
DA:33,0
DA:39,2
DA:40,2
DA:41,4
DA:42,2
DA:43,2
DA:46,0
DA:48,0
DA:49,0
DA:51,0
DA:57,1
DA:58,1
DA:60,0
DA:61,0
DA:63,0
DA:70,10
DA:71,10
DA:72,28
DA:73,9
DA:77,0
DA:78,0
DA:80,0
DA:87,5
DA:91,5
DA:92,15
DA:93,5
DA:94,5
DA:95,5
DA:96,5
DA:99,5
DA:100,2
DA:103,3
DA:104,3
DA:105,3
DA:106,3
DA:110,2
DA:111,0
DA:113,2
DA:114,2
DA:117,0
DA:125,3
LF:61
LH:45
BRDA:8,0,0,3
BRDA:8,1,0,3
BRDA:17,2,0,8
BRDA:17,2,1,8
BRDA:19,3,0,0
BRDA:19,3,1,8
BRDA:30,4,0,0
BRDA:30,4,1,0
BRDA:41,5,0,2
BRDA:41,5,1,2
BRDA:48,6,0,0
BRDA:48,6,1,0
BRDA:60,7,0,0
BRDA:60,7,1,0
BRDA:72,8,0,9
BRDA:72,8,1,19
BRDA:77,9,0,0
BRDA:77,9,1,0
BRDA:92,10,0,5
BRDA:92,10,1,10
BRDA:99,11,0,2
BRDA:99,11,1,3
BRDA:103,12,0,3
BRDA:103,12,1,0
BRDA:103,13,0,3
BRDA:103,13,1,3
BRDA:110,14,0,0
BRDA:110,14,1,2
BRDA:113,15,0,2
BRDA:113,15,1,0
BRF:30
BRH:18
end_of_record
TN:
SF:src\models\order.ts
FN:11,(anonymous_0)
FNF:1
FNH:1
FNDA:2,(anonymous_0)
DA:1,4
DA:2,4
DA:4,4
DA:6,4
DA:12,2
LF:5
LH:5
BRDA:12,0,0,0
BRDA:12,0,1,2
BRF:2
BRH:1
end_of_record
TN:
SF:src\models\pizza.model.ts
FN:6,(anonymous_0)
FN:10,(anonymous_1)
FNF:2
FNH:2
FNDA:3,(anonymous_0)
FNDA:2,(anonymous_1)
DA:2,3
DA:6,3
DA:7,3
DA:11,2
DA:12,2
DA:13,2
DA:18,3
LF:7
LH:7
BRDA:6,0,0,3
BRF:1
BRH:1
end_of_record
TN:
SF:src\models\pizza.ts
FN:7,(anonymous_0)
FNF:1
FNH:1
FNDA:1,(anonymous_0)
DA:1,6
DA:3,6
DA:5,6
DA:8,1
LF:4
LH:4
BRDA:8,0,0,0
BRDA:8,0,1,1
BRF:2
BRH:1
end_of_record
TN:
SF:src\routes\orderRoutes.ts
FN:6,(anonymous_1)
FN:16,(anonymous_2)
FN:25,(anonymous_3)
FN:36,(anonymous_4)
FN:51,(anonymous_5)
FNF:5
FNH:4
FNDA:5,(anonymous_1)
FNDA:0,(anonymous_2)
FNDA:4,(anonymous_3)
FNDA:3,(anonymous_4)
FNDA:1,(anonymous_5)
DA:1,2
DA:2,2
DA:4,2
DA:6,2
DA:7,5
DA:8,5
DA:9,5
DA:10,5
DA:12,0
DA:16,2
DA:17,0
DA:18,0
DA:19,0
DA:21,0
DA:25,2
DA:26,4
DA:27,4
DA:28,4
DA:29,1
DA:30,3
DA:32,0
DA:36,2
DA:37,3
DA:38,3
DA:39,3
DA:40,3
DA:41,3
DA:42,2
DA:44,1
DA:45,1
DA:47,0
DA:51,2
DA:52,1
DA:53,1
DA:54,1
DA:55,1
DA:57,0
DA:61,2
LF:38
LH:30
BRDA:28,0,0,1
BRDA:28,0,1,3
BRDA:40,1,0,0
BRDA:40,1,1,3
BRDA:44,2,0,1
BRDA:44,2,1,0
BRDA:53,3,0,0
BRDA:53,3,1,1
BRF:8
BRH:5
end_of_record
TN:
SF:src\routes\pizzaRoutes.ts
FN:6,(anonymous_1)
FNF:1
FNH:1
FNDA:1,(anonymous_1)
DA:1,2
DA:2,2
DA:4,2
DA:6,2
DA:7,1
DA:8,1
DA:9,1
DA:10,1
DA:11,0
DA:14,2
LF:10
LH:9
BRDA:10,0,0,1
BRDA:10,0,1,0
BRF:2
BRH:1
end_of_record
